<?xml version="1.0" encoding="UTF-8"?>
<!-- Generated by org.testng.reporters.JUnitReportReporter -->
<testsuite hostname="TYRAEL-HPC" name="com.turn.ttorrent.network.ConnectionManagerTest" tests="2" failures="0" timestamp="21 Dec 2020 09:37:03 GMT" time="0.080" errors="0">
  <testcase name="canAcceptAndReadData" time="0.077" classname="com.turn.ttorrent.network.ConnectionManagerTest"/>
  <testcase name="testThatDoubleInitThrowException" time="0.003" classname="com.turn.ttorrent.network.ConnectionManagerTest"/>
</testsuite> <!-- com.turn.ttorrent.network.ConnectionManagerTest -->
