<?xml version="1.0" encoding="UTF-8"?>
<!-- Generated by org.testng.reporters.JUnitReportReporter -->
<testsuite hostname="TYRAEL-HPC" name="com.turn.ttorrent.network.keyProcessors.CleanupKeyProcessorTest" tests="3" failures="0" timestamp="21 Dec 2020 09:37:03 GMT" time="0.833" errors="0">
  <testcase name="testCleanupWithoutClose" time="0.790" classname="com.turn.ttorrent.network.keyProcessors.CleanupKeyProcessorTest"/>
  <testcase name="testSelected" time="0.001" classname="com.turn.ttorrent.network.keyProcessors.CleanupKeyProcessorTest"/>
  <testcase name="testCleanupWillCloseWithTimeout" time="0.042" classname="com.turn.ttorrent.network.keyProcessors.CleanupKeyProcessorTest"/>
</testsuite> <!-- com.turn.ttorrent.network.keyProcessors.CleanupKeyProcessorTest -->
