<?xml version="1.0" encoding="UTF-8"?>
<!-- Generated by org.testng.reporters.JUnitReportReporter -->
<testsuite hostname="TYRAEL-HPC" name="com.turn.ttorrent.network.keyProcessors.WritableKeyProcessorTest" tests="3" failures="0" timestamp="21 Dec 2020 09:37:03 GMT" time="0.144" errors="0">
  <testcase name="checkThatWriteTaskDoesntRemovedIfBufferIsNotWrittenInOneStep" time="0.140" classname="com.turn.ttorrent.network.keyProcessors.WritableKeyProcessorTest"/>
  <testcase name="testThatOnWriteDoneInvoked" time="0.002" classname="com.turn.ttorrent.network.keyProcessors.WritableKeyProcessorTest"/>
  <testcase name="testThatOnWriteFailedInvokedIfChannelThrowException" time="0.002" classname="com.turn.ttorrent.network.keyProcessors.WritableKeyProcessorTest"/>
</testsuite> <!-- com.turn.ttorrent.network.keyProcessors.WritableKeyProcessorTest -->
