<?xml version="1.0" encoding="UTF-8"?>
<!-- Generated by org.testng.reporters.JUnitReportReporter -->
<testsuite hostname="TYRAEL-HPC" name="com.turn.ttorrent.network.ConnectionWorkerTest" tests="1" failures="0" timestamp="21 Dec 2020 09:37:03 GMT" time="0.048" errors="0">
  <testcase name="testCleanupIsCalled" time="0.048" classname="com.turn.ttorrent.network.ConnectionWorkerTest"/>
</testsuite> <!-- com.turn.ttorrent.network.ConnectionWorkerTest -->
