<?xml version="1.0" encoding="UTF-8"?>
<!-- Generated by org.testng.reporters.JUnitReportReporter -->
<testsuite hostname="TYRAEL-HPC" name="BDecoderTest" tests="1" failures="0" timestamp="21 Dec 2020 09:36:51 GMT" time="0.012" errors="0">
  <testcase name="testDecodeNumbers" time="0.012" classname="BDecoderTest"/>
</testsuite> <!-- BDecoderTest -->
