<?xml version="1.0" encoding="UTF-8"?>
<!-- Generated by org.testng.reporters.JUnitReportReporter -->
<testsuite hostname="TYRAEL-HPC" name="com.turn.ttorrent.client.storage.PieceStorageImplTest" tests="3" failures="0" timestamp="21 Dec 2020 09:37:27 GMT" time="0.004" errors="0">
  <testcase name="testStorage" time="0.001" classname="com.turn.ttorrent.client.storage.PieceStorageImplTest"/>
  <testcase name="testReadUnavailablePiece" time="0.003" classname="com.turn.ttorrent.client.storage.PieceStorageImplTest"/>
  <testcase name="testFullStorage" time="0.000" classname="com.turn.ttorrent.client.storage.PieceStorageImplTest"/>
</testsuite> <!-- com.turn.ttorrent.client.storage.PieceStorageImplTest -->
