<?xml version="1.0" encoding="UTF-8"?>
<!-- Generated by org.testng.reporters.JUnitReportReporter -->
<testsuite hostname="TYRAEL-HPC" name="com.turn.ttorrent.client.storage.FileCollectionStorageTest" tests="1" failures="0" timestamp="21 Dec 2020 09:37:27 GMT" time="0.064" errors="0">
  <testcase name="testSelect" time="0.064" classname="com.turn.ttorrent.client.storage.FileCollectionStorageTest"/>
</testsuite> <!-- com.turn.ttorrent.client.storage.FileCollectionStorageTest -->
