<?xml version="1.0" encoding="UTF-8"?>
<!-- Generated by org.testng.reporters.JUnitReportReporter -->
<testsuite hostname="TYRAEL-HPC" name="com.turn.ttorrent.client.strategy.RequestStrategyImplAnyInterestingTest" tests="3" failures="0" timestamp="21 Dec 2020 09:37:27 GMT" time="0.001" errors="0">
  <testcase name="choosePieceNoInterestingTest" time="0.000" classname="com.turn.ttorrent.client.strategy.RequestStrategyImplAnyInterestingTest"/>
  <testcase name="choosePieceOneInterestingTest" time="0.000" classname="com.turn.ttorrent.client.strategy.RequestStrategyImplAnyInterestingTest"/>
  <testcase name="choosePieceTest" time="0.001" classname="com.turn.ttorrent.client.strategy.RequestStrategyImplAnyInterestingTest"/>
</testsuite> <!-- com.turn.ttorrent.client.strategy.RequestStrategyImplAnyInterestingTest -->
