<?xml version="1.0" encoding="UTF-8"?>
<!-- Generated by org.testng.reporters.JUnitReportReporter -->
<testsuite hostname="TYRAEL-HPC" name="com.turn.ttorrent.client.storage.FairPieceStorageFactoryTest" tests="1" failures="0" timestamp="21 Dec 2020 09:37:27 GMT" time="11.692" errors="0">
  <testcase name="testCreatingStorageForLargeFile" time="11.692" classname="com.turn.ttorrent.client.storage.FairPieceStorageFactoryTest"/>
</testsuite> <!-- com.turn.ttorrent.client.storage.FairPieceStorageFactoryTest -->
