<?xml version="1.0" encoding="UTF-8"?>
<!-- Generated by org.testng.reporters.JUnitReportReporter -->
<testsuite hostname="TYRAEL-HPC" name="com.turn.ttorrent.client.EventDispatcherTest" tests="2" failures="0" timestamp="21 Dec 2020 09:37:27 GMT" time="0.810" errors="0">
  <testcase name="testWithoutListeners" time="0.001" classname="com.turn.ttorrent.client.EventDispatcherTest"/>
  <testcase name="testInvocation" time="0.809" classname="com.turn.ttorrent.client.EventDispatcherTest"/>
</testsuite> <!-- com.turn.ttorrent.client.EventDispatcherTest -->
