<?xml version="1.0" encoding="UTF-8"?>
<!-- Generated by org.testng.reporters.JUnitReportReporter -->
<testsuite hostname="TYRAEL-HPC" name="com.turn.ttorrent.client.network.HandshakeReceiverTest" tests="1" failures="0" timestamp="21 Dec 2020 09:37:27 GMT" time="0.301" errors="0">
  <testcase name="testReceiveHandshake" time="0.301" classname="com.turn.ttorrent.client.network.HandshakeReceiverTest"/>
</testsuite> <!-- com.turn.ttorrent.client.network.HandshakeReceiverTest -->
