<?xml version="1.0" encoding="UTF-8"?>
<!-- Generated by org.testng.reporters.JUnitReportReporter -->
<testsuite hostname="TYRAEL-HPC" name="com.turn.ttorrent.client.PeersStorageTest" tests="3" failures="0" timestamp="21 Dec 2020 09:37:27 GMT" time="0.101" errors="0">
  <testcase name="getAndRemoveSharingPeersTest" time="0.100" classname="com.turn.ttorrent.client.PeersStorageTest"/>
  <testcase name="testThatPeersStorageReturnNewCollection" time="0.001" classname="com.turn.ttorrent.client.PeersStorageTest"/>
  <testcase name="getSetSelfTest" time="0.000" classname="com.turn.ttorrent.client.PeersStorageTest"/>
</testsuite> <!-- com.turn.ttorrent.client.PeersStorageTest -->
