<?xml version="1.0" encoding="UTF-8"?>
<!-- Generated by org.testng.reporters.JUnitReportReporter -->
<testsuite hostname="TYRAEL-HPC" name="com.turn.ttorrent.tracker.TrackerTest" tests="8" failures="0" timestamp="21 Dec 2020 09:40:53 GMT" time="13.445" errors="0">
  <testcase name="testPeerWithManyInterfaces" time="0.761" classname="com.turn.ttorrent.tracker.TrackerTest"/>
  <testcase name="tracker_accepts_torrent_from_leech" time="0.533" classname="com.turn.ttorrent.tracker.TrackerTest"/>
  <testcase name="tracker_accepts_torrent_from_seeder" time="0.546" classname="com.turn.ttorrent.tracker.TrackerTest"/>
  <testcase name="tracker_accepts_torrent_from_seeder_plus_leech" time="0.551" classname="com.turn.ttorrent.tracker.TrackerTest"/>
  <testcase name="tracker_removes_peer_after_timeout" time="10.246" classname="com.turn.ttorrent.tracker.TrackerTest"/>
  <testcase name="test_tracker_all_ports" time="0.219" classname="com.turn.ttorrent.tracker.TrackerTest"/>
  <testcase name="tracker_removes_peer_after_peer_shutdown" time="0.047" classname="com.turn.ttorrent.tracker.TrackerTest"/>
  <testcase name="test_share_and_download" time="0.542" classname="com.turn.ttorrent.tracker.TrackerTest"/>
</testsuite> <!-- com.turn.ttorrent.tracker.TrackerTest -->
