<?xml version="1.0" encoding="UTF-8"?>
<!-- Generated by org.testng.reporters.JUnitReportReporter -->
<testsuite hostname="TYRAEL-HPC" name="com.turn.ttorrent.client.announce.TrackerClientTest" tests="1" failures="0" timestamp="21 Dec 2020 09:40:53 GMT" time="5.426" errors="0">
  <testcase name="multiAnnounceTest" time="5.426" classname="com.turn.ttorrent.client.announce.TrackerClientTest"/>
</testsuite> <!-- com.turn.ttorrent.client.announce.TrackerClientTest -->
