<?xml version="1.0" encoding="UTF-8"?>
<!-- Generated by org.testng.reporters.JUnitReportReporter -->
<testsuite hostname="TYRAEL-HPC" name="com.turn.ttorrent.common.TorrentTest" tests="4" failures="0" timestamp="21 Dec 2020 09:40:53 GMT" time="0.023" errors="0">
  <testcase name="load_torrent_created_by_utorrent" time="0.001" classname="com.turn.ttorrent.common.TorrentTest"/>
  <testcase name="test_create_torrent" time="0.007" classname="com.turn.ttorrent.common.TorrentTest"/>
  <testcase name="torrent_from_multiple_files" time="0.014" classname="com.turn.ttorrent.common.TorrentTest"/>
  <testcase name="testFilenames" time="0.001" classname="com.turn.ttorrent.common.TorrentTest"/>
</testsuite> <!-- com.turn.ttorrent.common.TorrentTest -->
