<?xml version="1.0" encoding="UTF-8"?>
<!-- Generated by org.testng.reporters.JUnitReportReporter -->
<testsuite hostname="TYRAEL-HPC" name="com.turn.ttorrent.client.CommunicationManagerTest" tests="25" failures="0" timestamp="21 Dec 2020 09:40:53 GMT" time="179.557" errors="0">
  <testcase name="large_file_download" time="3.513" classname="com.turn.ttorrent.client.CommunicationManagerTest"/>
  <testcase name="test_seeding_does_not_change_file_modification_date" time="1.565" classname="com.turn.ttorrent.client.CommunicationManagerTest"/>
  <testcase name="unlock_file_when_no_leechers" time="2.602" classname="com.turn.ttorrent.client.CommunicationManagerTest"/>
  <testcase name="testThatTorrentsHaveLazyInitAndRemovingAfterDownload" time="2.373" classname="com.turn.ttorrent.client.CommunicationManagerTest"/>
  <testcase name="testThatDownloadStatisticProvidedToTracker" time="5.149" classname="com.turn.ttorrent.client.CommunicationManagerTest"/>
  <testcase name="interrupt_download" time="0.547" classname="com.turn.ttorrent.client.CommunicationManagerTest"/>
  <testcase name="testListenersWithBadSeeder" time="15.606" classname="com.turn.ttorrent.client.CommunicationManagerTest"/>
  <testcase name="testConnectToAllDiscoveredPeers" time="5.136" classname="com.turn.ttorrent.client.CommunicationManagerTest"/>
  <testcase name="testHungSeeder" time="8.629" classname="com.turn.ttorrent.client.CommunicationManagerTest"/>
  <testcase name="testClosingPieceStorageWhenDownloading" time="0.230" classname="com.turn.ttorrent.client.CommunicationManagerTest"/>
  <testcase name="download_uninterruptibly_positive" time="0.286" classname="com.turn.ttorrent.client.CommunicationManagerTest"/>
  <testcase name="testThatSeederIsNotReceivedHaveMessages" time="2.172" classname="com.turn.ttorrent.client.CommunicationManagerTest"/>
  <testcase name="test_connect_to_unknown_host" time="41.425" classname="com.turn.ttorrent.client.CommunicationManagerTest"/>
  <testcase name="peer_dies_during_download" time="2.675" classname="com.turn.ttorrent.client.CommunicationManagerTest"/>
  <testcase name="corrupted_seeder" time="10.609" classname="com.turn.ttorrent.client.CommunicationManagerTest"/>
  <testcase name="download_uninterruptibly_negative" time="7.171" classname="com.turn.ttorrent.client.CommunicationManagerTest"/>
  <testcase name="canStartAndStopClientTwice" time="0.062" classname="com.turn.ttorrent.client.CommunicationManagerTest"/>
  <testcase name="no_full_seeder_test" time="27.560" classname="com.turn.ttorrent.client.CommunicationManagerTest"/>
  <testcase name="download_many_times" time="17.982" classname="com.turn.ttorrent.client.CommunicationManagerTest"/>
  <testcase name="testManySeeders" time="2.359" classname="com.turn.ttorrent.client.CommunicationManagerTest"/>
  <testcase name="download_multiple_files" time="1.839" classname="com.turn.ttorrent.client.CommunicationManagerTest"/>
  <testcase name="download_io_error" time="12.495" classname="com.turn.ttorrent.client.CommunicationManagerTest"/>
  <testcase name="more_than_one_seeder_for_same_torrent" time="0.155" classname="com.turn.ttorrent.client.CommunicationManagerTest"/>
  <testcase name="torrentListenersPositiveTest" time="0.219" classname="com.turn.ttorrent.client.CommunicationManagerTest"/>
  <testcase name="download_uninterruptibly_timeout" time="7.198" classname="com.turn.ttorrent.client.CommunicationManagerTest"/>
</testsuite> <!-- com.turn.ttorrent.client.CommunicationManagerTest -->
