<?xml version="1.0" encoding="UTF-8"?>
<!-- Generated by org.testng.reporters.JUnitReportReporter -->
<testsuite hostname="TYRAEL-HPC" name="com.turn.ttorrent.tracker.TrackerAnnounceTest" tests="1" failures="0" timestamp="21 Dec 2020 09:40:53 GMT" time="4.529" errors="0">
  <testcase name="test_announce" time="4.529" classname="com.turn.ttorrent.tracker.TrackerAnnounceTest"/>
</testsuite> <!-- com.turn.ttorrent.tracker.TrackerAnnounceTest -->
