<?xml version="1.0" encoding="UTF-8"?>
<!-- Generated by org.testng.reporters.JUnitReportReporter -->
<testsuite hostname="TYRAEL-HPC" name="com.turn.ttorrent.tracker.MultiAnnounceRequestProcessorTest" tests="1" failures="0" timestamp="21 Dec 2020 09:37:10 GMT" time="4.818" errors="0">
  <testcase name="processCorrectTest" time="4.818" classname="com.turn.ttorrent.tracker.MultiAnnounceRequestProcessorTest"/>
</testsuite> <!-- com.turn.ttorrent.tracker.MultiAnnounceRequestProcessorTest -->
