<?xml version="1.0" encoding="UTF-8"?>
<!-- Generated by org.testng.reporters.JUnitReportReporter -->
<testsuite hostname="TYRAEL-HPC" name="com.turn.ttorrent.tracker.TorrentsRepositoryTest" tests="4" failures="0" timestamp="21 Dec 2020 09:37:10 GMT" time="0.007" errors="0">
  <testcase name="testThatCleanupDontLockAllTorrentsAndStorage" time="0.004" classname="com.turn.ttorrent.tracker.TorrentsRepositoryTest"/>
  <testcase name="testPutIfAbsentAndUpdate" time="0.000" classname="com.turn.ttorrent.tracker.TorrentsRepositoryTest"/>
  <testcase name="testThatTorrentsStoredInRepository" time="0.001" classname="com.turn.ttorrent.tracker.TorrentsRepositoryTest"/>
  <testcase name="testThatTorrentsCanRemovedFromStorage" time="0.002" classname="com.turn.ttorrent.tracker.TorrentsRepositoryTest"/>
</testsuite> <!-- com.turn.ttorrent.tracker.TorrentsRepositoryTest -->
