<?xml version="1.0" encoding="UTF-8"?>
<!-- Generated by org.testng.reporters.JUnitReportReporter -->
<testsuite hostname="TYRAEL-HPC" name="com.turn.ttorrent.common.protocol.http.HTTPAnnounceResponseMessageTest" tests="1" failures="0" timestamp="21 Dec 2020 09:36:58 GMT" time="0.062" errors="0">
  <testcase name="parseTest" time="0.062" classname="com.turn.ttorrent.common.protocol.http.HTTPAnnounceResponseMessageTest"/>
</testsuite> <!-- com.turn.ttorrent.common.protocol.http.HTTPAnnounceResponseMessageTest -->
