<?xml version="1.0" encoding="UTF-8"?>
<!-- Generated by org.testng.reporters.JUnitReportReporter -->
<testsuite hostname="TYRAEL-HPC" name="com.turn.ttorrent.common.creation.HashesCalculatorsTest" tests="5" failures="0" timestamp="21 Dec 2020 09:36:58 GMT" time="1.589" errors="0">
  <testcase name="testReadingNotFullyBuffer" time="0.002" classname="com.turn.ttorrent.common.creation.HashesCalculatorsTest"/>
  <testcase name="testStreamsAsPiece" time="0.003" classname="com.turn.ttorrent.common.creation.HashesCalculatorsTest"/>
  <testcase name="testWithSmallSource" time="0.001" classname="com.turn.ttorrent.common.creation.HashesCalculatorsTest"/>
  <testcase name="testEmptySource" time="0.011" classname="com.turn.ttorrent.common.creation.HashesCalculatorsTest"/>
  <testcase name="testOneLargeSource" time="1.572" classname="com.turn.ttorrent.common.creation.HashesCalculatorsTest"/>
</testsuite> <!-- com.turn.ttorrent.common.creation.HashesCalculatorsTest -->
