<?xml version="1.0" encoding="UTF-8"?>
<!-- Generated by org.testng.reporters.JUnitReportReporter -->
<testsuite hostname="TYRAEL-HPC" name="com.turn.ttorrent.common.TorrentUtilsTest" tests="7" failures="0" timestamp="21 Dec 2020 09:36:58 GMT" time="0.003" errors="0">
  <testcase name="testBytesToHexWithNull" time="0.001" classname="com.turn.ttorrent.common.TorrentUtilsTest"/>
  <testcase name="testBytesToHexTrailingZero" time="0.000" classname="com.turn.ttorrent.common.TorrentUtilsTest"/>
  <testcase name="testBytesToHexWithZeroByte" time="0.000" classname="com.turn.ttorrent.common.TorrentUtilsTest"/>
  <testcase name="testBytesToHexWithLeadingZero" time="0.000" classname="com.turn.ttorrent.common.TorrentUtilsTest"/>
  <testcase name="testBytesToHexAllSymbols" time="0.000" classname="com.turn.ttorrent.common.TorrentUtilsTest"/>
  <testcase name="testBytesToHexWithEmptyByteArray" time="0.000" classname="com.turn.ttorrent.common.TorrentUtilsTest"/>
  <testcase name="testBytesToHexWithSingleByte" time="0.002" classname="com.turn.ttorrent.common.TorrentUtilsTest"/>
</testsuite> <!-- com.turn.ttorrent.common.TorrentUtilsTest -->
