<?xml version="1.0" encoding="UTF-8"?>
<!-- Generated by org.testng.reporters.JUnitReportReporter -->
<testsuite hostname="TYRAEL-HPC" name="com.turn.ttorrent.common.creation.MetadataBuilderTest" tests="4" failures="0" timestamp="21 Dec 2020 09:36:58 GMT" time="0.003" errors="0">
  <testcase name="testMultiFileWithOneFileValues" time="0.000" classname="com.turn.ttorrent.common.creation.MetadataBuilderTest"/>
  <testcase name="testBuildWithSpecifiedHashes" time="0.002" classname="com.turn.ttorrent.common.creation.MetadataBuilderTest"/>
  <testcase name="testSingleFile" time="0.000" classname="com.turn.ttorrent.common.creation.MetadataBuilderTest"/>
  <testcase name="testMultiFileModeWithOneFile" time="0.001" classname="com.turn.ttorrent.common.creation.MetadataBuilderTest"/>
</testsuite> <!-- com.turn.ttorrent.common.creation.MetadataBuilderTest -->
