<?xml version="1.0" encoding="UTF-8"?>
<!-- Generated by org.testng.reporters.JUnitReportReporter -->
<testsuite hostname="TYRAEL-HPC" name="com.turn.ttorrent.common.TorrentParserTest" tests="4" failures="0" timestamp="21 Dec 2020 09:36:58 GMT" time="0.008" errors="0">
  <testcase name="missingRequiredFieldTest" time="0.001" classname="com.turn.ttorrent.common.TorrentParserTest"/>
  <testcase name="badBEPFormatTest" time="0.001" classname="com.turn.ttorrent.common.TorrentParserTest"/>
  <testcase name="parseTest" time="0.006" classname="com.turn.ttorrent.common.TorrentParserTest"/>
  <testcase name="testParseNullAnnounce" time="0.000" classname="com.turn.ttorrent.common.TorrentParserTest"/>
</testsuite> <!-- com.turn.ttorrent.common.TorrentParserTest -->
